2023-06-09 12:57:10.454 DEBUG Horse: Создание Horse, имя [Буцефал], скорость [2.4]
2023-06-09 12:57:10.460 DEBUG Horse: Создание Horse, имя [Туз Пик], скорость [2.5]
2023-06-09 12:57:10.461 DEBUG Horse: Создание Horse, имя [Зефир], скорость [2.6]
2023-06-09 12:57:10.461 DEBUG Horse: Создание Horse, имя [Пожар], скорость [2.7]
2023-06-09 12:57:10.461 DEBUG Horse: Создание Horse, имя [Лобстер], скорость [2.8]
2023-06-09 12:57:10.461 DEBUG Horse: Создание Horse, имя [Пегас], скорость [2.9]
2023-06-09 12:57:10.461 DEBUG Horse: Создание Horse, имя [Вишня], скорость [3.0]
2023-06-09 12:57:10.462 DEBUG Hippodrome: Создание Hippodrome, лошадей [7]
2023-06-09 12:57:10.462 INFO Main: Начало скачек. Количество участников: 7
2023-06-09 12:57:10.701 INFO Main: Окончание скачек. Победитель: Вишня
2023-06-09 12:58:21.568 DEBUG Horse: Создание Horse, имя [Буцефал], скорость [2.4]
2023-06-09 12:58:21.570 DEBUG Horse: Создание Horse, имя [Туз Пик], скорость [2.5]
2023-06-09 12:58:21.570 DEBUG Horse: Создание Horse, имя [Зефир], скорость [2.6]
2023-06-09 12:58:21.570 DEBUG Horse: Создание Horse, имя [Пожар], скорость [2.7]
2023-06-09 12:58:21.570 DEBUG Horse: Создание Horse, имя [Лобстер], скорость [2.8]
2023-06-09 12:58:21.570 DEBUG Horse: Создание Horse, имя [Пегас], скорость [2.9]
2023-06-09 12:58:21.571 DEBUG Horse: Создание Horse, имя [Вишня], скорость [3.0]
2023-06-09 12:58:21.572 DEBUG Hippodrome: Создание Hippodrome, лошадей [7]
2023-06-09 12:58:21.572 INFO Main: Начало скачек. Количество участников: 7
2023-06-09 12:58:21.801 INFO Main: Окончание скачек. Победитель: Вишня
